<?xml version="1.0" encoding="UTF-8"?>
<!-- Generated by org.testng.reporters.JUnitReportReporter -->
<testsuite hostname="DESKTOP-LHN9MF2" failures="0" tests="1" name="webelement.ToLearnSendkeys" time="9.877" errors="0" timestamp="2025-02-22T11:22:14 IST" skipped="0">
  <testcase classname="webelement.ToLearnSendkeys" name="sendkeysmethod" time="9.877"/>
  <system-out/>
</testsuite> <!-- webelement.ToLearnSendkeys -->
