<?xml version="1.0" encoding="UTF-8"?>
<!-- Generated by org.testng.reporters.JUnitReportReporter -->
<testsuite hostname="DESKTOP-LHN9MF2" failures="0" tests="1" name="webelement.ToLearnisSelected" time="5.970" errors="0" timestamp="2025-03-12T10:56:35 IST" skipped="0">
  <testcase classname="webelement.ToLearnisSelected" name="demo" time="5.970"/>
  <system-out/>
</testsuite> <!-- webelement.ToLearnisSelected -->
