<?xml version="1.0" encoding="UTF-8"?>
<!-- Generated by org.testng.reporters.JUnitReportReporter -->
<testsuite hostname="DESKTOP-LHN9MF2" failures="0" tests="1" name="synchronization.LearnExplicitlyWait" time="22.901" errors="0" timestamp="2025-03-04T11:26:01 IST" skipped="0">
  <testcase classname="synchronization.LearnExplicitlyWait" name="demo" time="22.901"/>
  <system-out/>
</testsuite> <!-- synchronization.LearnExplicitlyWait -->
