<?xml version="1.0" encoding="UTF-8"?>
<!-- Generated by org.testng.reporters.JUnitReportReporter -->
<testsuite hostname="DESKTOP-LHN9MF2" failures="0" tests="1" name="takescreenshot.ToLearnWebpageScreenshot" time="8.240" errors="0" timestamp="2025-02-27T11:17:38 IST" skipped="0">
  <testcase classname="takescreenshot.ToLearnWebpageScreenshot" name="screenshot" time="8.240"/>
  <system-out/>
</testsuite> <!-- takescreenshot.ToLearnWebpageScreenshot -->
