<?xml version="1.0" encoding="UTF-8"?>
<!-- Generated by org.testng.reporters.JUnitReportReporter -->
<testsuite hostname="DESKTOP-LHN9MF2" failures="0" tests="1" name="actionsclass.KeyDownKeyUp" time="7.449" errors="0" timestamp="2025-03-14T11:46:53 IST" skipped="0">
  <testcase classname="actionsclass.KeyDownKeyUp" name="keydownkeyup" time="7.449"/>
  <system-out/>
</testsuite> <!-- actionsclass.KeyDownKeyUp -->
