<?xml version="1.0" encoding="UTF-8"?>
<!-- Generated by org.testng.reporters.JUnitReportReporter -->
<testsuite hostname="DESKTOP-LHN9MF2" failures="0" tests="1" name="webdrivermethods.ToLearngetwindowHandles" time="5.722" errors="0" timestamp="2025-02-25T11:59:20 IST" skipped="0">
  <testcase classname="webdrivermethods.ToLearngetwindowHandles" name="sendkeysmethod" time="5.722"/>
  <system-out/>
</testsuite> <!-- webdrivermethods.ToLearngetwindowHandles -->
