<?xml version="1.0" encoding="UTF-8"?>
<!-- Generated by org.testng.reporters.JUnitReportReporter -->
<testsuite hostname="DESKTOP-LHN9MF2" failures="0" tests="1" name="actionsclass.Scrolling" time="10.102" errors="0" timestamp="2025-03-13T11:50:31 IST" skipped="0">
  <testcase classname="actionsclass.Scrolling" name="Scrollele" time="10.102"/>
  <system-out/>
</testsuite> <!-- actionsclass.Scrolling -->
