<?xml version="1.0" encoding="UTF-8"?>
<!-- Generated by org.testng.reporters.JUnitReportReporter -->
<testsuite hostname="DESKTOP-LHN9MF2" failures="0" tests="1" name="locators.xpath_axis" time="3.884" errors="0" timestamp="2025-02-21T11:57:11 IST" skipped="0">
  <testcase classname="locators.xpath_axis" name="demo" time="3.884"/>
  <system-out/>
</testsuite> <!-- locators.xpath_axis -->
