<?xml version="1.0" encoding="UTF-8"?>
<!-- Generated by org.testng.reporters.JUnitReportReporter -->
<testsuite hostname="DESKTOP-LHN9MF2" failures="0" tests="1" name="synchronization.LearnImplicitlyWait" time="12.006" errors="0" timestamp="2025-03-03T11:53:59 IST" skipped="0">
  <testcase classname="synchronization.LearnImplicitlyWait" name="implicitwait" time="12.006"/>
  <system-out/>
</testsuite> <!-- synchronization.LearnImplicitlyWait -->
