<?xml version="1.0" encoding="UTF-8"?>
<!-- Generated by org.testng.reporters.JUnitReportReporter -->
<testsuite hostname="DESKTOP-LHN9MF2" failures="0" tests="1" name="assignments.explicitwait" time="12.650" errors="0" timestamp="2025-03-04T19:53:07 IST" skipped="0">
  <testcase classname="assignments.explicitwait" name="explicit" time="12.650"/>
  <system-out/>
</testsuite> <!-- assignments.explicitwait -->
