<?xml version="1.0" encoding="UTF-8"?>
<!-- Generated by org.testng.reporters.JUnitReportReporter -->
<testsuite hostname="DESKTOP-LHN9MF2" failures="0" tests="1" name="assignments.Dream11" time="5.507" errors="0" timestamp="2025-03-05T11:45:19 IST" skipped="0">
  <testcase classname="assignments.Dream11" name="explicit" time="5.507"/>
  <system-out/>
</testsuite> <!-- assignments.Dream11 -->
