<?xml version="1.0" encoding="UTF-8"?>
<!-- Generated by org.testng.reporters.JUnitReportReporter -->
<testsuite hostname="DESKTOP-LHN9MF2" failures="0" tests="1" name="dropdowns.ToLearnSingleSelect" time="6.854" errors="0" timestamp="2025-03-08T11:41:24 IST" skipped="0">
  <testcase classname="dropdowns.ToLearnSingleSelect" name="iframes" time="6.854"/>
  <system-out/>
</testsuite> <!-- dropdowns.ToLearnSingleSelect -->
