<?xml version="1.0" encoding="UTF-8"?>
<!-- Generated by org.testng.reporters.JUnitReportReporter -->
<testsuite hostname="DESKTOP-LHN9MF2" failures="0" tests="1" name="locators.xpath_dependentand_independent" time="11.976" errors="0" timestamp="2025-02-21T10:19:14 IST" skipped="0">
  <testcase classname="locators.xpath_dependentand_independent" name="demo" time="11.976"/>
  <system-out/>
</testsuite> <!-- locators.xpath_dependentand_independent -->
