<?xml version="1.0" encoding="UTF-8"?>
<!-- Generated by org.testng.reporters.JUnitReportReporter -->
<testsuite hostname="DESKTOP-LHN9MF2" failures="0" tests="1" name="actionsclass.ClickAndHold" time="19.996" errors="0" timestamp="2025-03-11T11:44:58 IST" skipped="0">
  <testcase classname="actionsclass.ClickAndHold" name="clickandhold" time="19.996"/>
  <system-out/>
</testsuite> <!-- actionsclass.ClickAndHold -->
