<?xml version="1.0" encoding="UTF-8"?>
<!-- Generated by org.testng.reporters.JUnitReportReporter -->
<testsuite hostname="DESKTOP-LHN9MF2" failures="0" tests="1" name="popups.AllertPopUp" time="5.910" errors="0" timestamp="2025-03-15T11:14:55 IST" skipped="0">
  <testcase classname="popups.AllertPopUp" name="javascriptPopup" time="5.910"/>
  <system-out/>
</testsuite> <!-- popups.AllertPopUp -->
