<?xml version="1.0" encoding="UTF-8"?>
<!-- Generated by org.testng.reporters.JUnitReportReporter -->
<testsuite hostname="DESKTOP-LHN9MF2" failures="0" tests="1" name="assignments.explicitwait" time="10.132" errors="0" timestamp="2025-03-05T10:34:21 IST" skipped="0">
  <testcase classname="assignments.explicitwait" name="explicit" time="10.132"/>
  <system-out/>
</testsuite> <!-- assignments.explicitwait -->
