<?xml version="1.0" encoding="UTF-8"?>
<!-- Generated by org.testng.reporters.JUnitReportReporter -->
<testsuite hostname="DESKTOP-LHN9MF2" failures="0" tests="1" name="webelement.ToLearngetagname" time="66.807" errors="0" timestamp="2025-02-24T11:53:57 IST" skipped="0">
  <testcase classname="webelement.ToLearngetagname" name="testlocation" time="66.807"/>
  <system-out/>
</testsuite> <!-- webelement.ToLearngetagname -->
