<?xml version="1.0" encoding="UTF-8"?>
<!-- Generated by org.testng.reporters.JUnitReportReporter -->
<testsuite hostname="DESKTOP-LHN9MF2" failures="0" tests="1" name="webelement.ToLearnisSelected" time="6.185" errors="0" timestamp="2025-02-25T11:07:22 IST" skipped="0">
  <testcase classname="webelement.ToLearnisSelected" name="demo" time="6.185"/>
  <system-out/>
</testsuite> <!-- webelement.ToLearnisSelected -->
