<?xml version="1.0" encoding="UTF-8"?>
<!-- Generated by org.testng.reporters.JUnitReportReporter -->
<testsuite hostname="DESKTOP-LHN9MF2" failures="0" tests="1" name="webdrivermethods.ToLearngetwindowHandle" time="6.047" errors="0" timestamp="2025-02-25T11:55:09 IST" skipped="0">
  <testcase classname="webdrivermethods.ToLearngetwindowHandle" name="sendkeysmethod" time="6.047"/>
  <system-out/>
</testsuite> <!-- webdrivermethods.ToLearngetwindowHandle -->
