<?xml version="1.0" encoding="UTF-8"?>
<!-- Generated by org.testng.reporters.JUnitReportReporter -->
<testsuite hostname="DESKTOP-LHN9MF2" failures="0" tests="1" name="dropdowns.ToLearnmultiSelect" time="4.225" errors="0" timestamp="2025-03-08T11:43:20 IST" skipped="0">
  <testcase classname="dropdowns.ToLearnmultiSelect" name="multiselect" time="4.225"/>
  <system-out/>
</testsuite> <!-- dropdowns.ToLearnmultiSelect -->
