<?xml version="1.0" encoding="UTF-8"?>
<!-- Generated by org.testng.reporters.JUnitReportReporter -->
<testsuite hostname="DESKTOP-LHN9MF2" failures="0" tests="1" name="actionsclass.TolearnMouseHover" time="7.060" errors="0" timestamp="2025-03-11T11:30:13 IST" skipped="0">
  <testcase classname="actionsclass.TolearnMouseHover" name="mousehover" time="7.060"/>
  <system-out/>
</testsuite> <!-- actionsclass.TolearnMouseHover -->
