<?xml version="1.0" encoding="UTF-8"?>
<!-- Generated by org.testng.reporters.JUnitReportReporter -->
<testsuite hostname="DESKTOP-LHN9MF2" failures="0" tests="1" name="assignments.iframe" time="28.056" errors="0" timestamp="2025-03-07T21:59:37 IST" skipped="0">
  <testcase classname="assignments.iframe" name="demo" time="28.056"/>
  <system-out/>
</testsuite> <!-- assignments.iframe -->
