<?xml version="1.0" encoding="UTF-8"?>
<!-- Generated by org.testng.reporters.JUnitReportReporter -->
<testsuite hostname="DESKTOP-LHN9MF2" failures="0" tests="1" name="popups.ConfirmationPopup" time="5.545" errors="0" timestamp="2025-03-15T11:43:24 IST" skipped="0">
  <testcase classname="popups.ConfirmationPopup" name="javascriptPopup" time="5.545"/>
  <system-out/>
</testsuite> <!-- popups.ConfirmationPopup -->
