<?xml version="1.0" encoding="UTF-8"?>
<!-- Generated by org.testng.reporters.JUnitReportReporter -->
<testsuite hostname="DESKTOP-LHN9MF2" failures="0" tests="1" name="takescreenshot.ToLearnElementScreenshot" time="6.017" errors="0" timestamp="2025-02-27T11:49:35 IST" skipped="0">
  <testcase classname="takescreenshot.ToLearnElementScreenshot" name="elementscreenshot" time="6.017"/>
  <system-out/>
</testsuite> <!-- takescreenshot.ToLearnElementScreenshot -->
