<?xml version="1.0" encoding="UTF-8"?>
<!-- Generated by org.testng.reporters.JUnitReportReporter -->
<testsuite hostname="DESKTOP-LHN9MF2" failures="0" tests="1" name="webelement.ToLearngetattribute" time="14.947" errors="0" timestamp="2025-02-24T11:01:44 IST" skipped="0">
  <testcase classname="webelement.ToLearngetattribute" name="tolearngetattribute" time="14.947"/>
  <system-out/>
</testsuite> <!-- webelement.ToLearngetattribute -->
