<?xml version="1.0" encoding="UTF-8"?>
<!-- Generated by org.testng.reporters.JUnitReportReporter -->
<testsuite hostname="DESKTOP-LHN9MF2" failures="0" tests="1" name="webelement.ToLearngetcssvalue" time="6.312" errors="0" timestamp="2025-02-24T11:09:55 IST" skipped="0">
  <testcase classname="webelement.ToLearngetcssvalue" name="demo" time="6.312"/>
  <system-out/>
</testsuite> <!-- webelement.ToLearngetcssvalue -->
