<?xml version="1.0" encoding="UTF-8"?>
<!-- Generated by org.testng.reporters.JUnitReportReporter -->
<testsuite hostname="DESKTOP-LHN9MF2" failures="0" tests="1" name="actionsclass.DragAndDrop" time="14.800" errors="0" timestamp="2025-03-14T10:43:57 IST" skipped="0">
  <testcase classname="actionsclass.DragAndDrop" name="draganddrop" time="14.800"/>
  <system-out/>
</testsuite> <!-- actionsclass.DragAndDrop -->
