<?xml version="1.0" encoding="UTF-8"?>
<!-- Generated by org.testng.reporters.JUnitReportReporter -->
<testsuite hostname="DESKTOP-LHN9MF2" failures="0" tests="1" name="javascriptinterface.WindowScrolling" time="5.996" errors="0" timestamp="2025-02-28T11:43:06 IST" skipped="0">
  <testcase classname="javascriptinterface.WindowScrolling" name="demo" time="5.996"/>
  <system-out/>
</testsuite> <!-- javascriptinterface.WindowScrolling -->
