<?xml version="1.0" encoding="UTF-8"?>
<!-- Generated by org.testng.reporters.JUnitReportReporter -->
<testsuite hostname="DESKTOP-LHN9MF2" failures="0" tests="1" name="webelement.ToLearnisEnabled" time="6.567" errors="0" timestamp="2025-02-25T10:58:46 IST" skipped="0">
  <testcase classname="webelement.ToLearnisEnabled" name="demo" time="6.567"/>
  <system-out/>
</testsuite> <!-- webelement.ToLearnisEnabled -->
