<?xml version="1.0" encoding="UTF-8"?>
<!-- Generated by org.testng.reporters.JUnitReportReporter -->
<testsuite hostname="DESKTOP-LHN9MF2" failures="0" tests="1" name="javascriptinterface.LearnScrollIntoView" time="6.260" errors="0" timestamp="2025-03-01T08:43:14 IST" skipped="0">
  <testcase classname="javascriptinterface.LearnScrollIntoView" name="demo" time="6.260"/>
  <system-out/>
</testsuite> <!-- javascriptinterface.LearnScrollIntoView -->
