<?xml version="1.0" encoding="UTF-8"?>
<!-- Generated by org.testng.reporters.JUnitReportReporter -->
<testsuite hostname="DESKTOP-LHN9MF2" failures="0" tests="1" name="webelement.ToLearngetLocation" time="8.511" errors="0" timestamp="2025-02-24T11:37:58 IST" skipped="0">
  <testcase classname="webelement.ToLearngetLocation" name="testlocation" time="8.511"/>
  <system-out/>
</testsuite> <!-- webelement.ToLearngetLocation -->
