<?xml version="1.0" encoding="UTF-8"?>
<!-- Generated by org.testng.reporters.JUnitReportReporter -->
<testsuite hostname="DESKTOP-LHN9MF2" failures="0" tests="1" name="dropdowns.ToLearngetOption" time="9.175" errors="0" timestamp="2025-03-10T11:17:23 IST" skipped="0">
  <testcase classname="dropdowns.ToLearngetOption" name="multiselect" time="9.175"/>
  <system-out/>
</testsuite> <!-- dropdowns.ToLearngetOption -->
