<?xml version="1.0" encoding="UTF-8"?>
<!-- Generated by org.testng.reporters.JUnitReportReporter -->
<testsuite hostname="DESKTOP-LHN9MF2" failures="0" tests="1" name="assignments.RepeatavlySelect" time="9.745" errors="0" timestamp="2025-03-11T11:59:41 IST" skipped="0">
  <testcase classname="assignments.RepeatavlySelect" name="iframes" time="9.745"/>
  <system-out/>
</testsuite> <!-- assignments.RepeatavlySelect -->
