<?xml version="1.0" encoding="UTF-8"?>
<!-- Generated by org.testng.reporters.JUnitReportReporter -->
<testsuite hostname="DESKTOP-LHN9MF2" failures="0" tests="1" name="assignments.DoubleClick" time="6.331" errors="0" timestamp="2025-03-12T10:11:43 IST" skipped="0">
  <testcase classname="assignments.DoubleClick" name="ClickandHold" time="6.331"/>
  <system-out/>
</testsuite> <!-- assignments.DoubleClick -->
