<?xml version="1.0" encoding="UTF-8"?>
<!-- Generated by org.testng.reporters.JUnitReportReporter -->
<testsuite hostname="DESKTOP-LHN9MF2" failures="0" tests="1" name="webelement.ToLearnisDisplayed" time="7.568" errors="0" timestamp="2025-02-25T10:41:04 IST" skipped="0">
  <testcase classname="webelement.ToLearnisDisplayed" name="testlocation" time="7.568"/>
  <system-out/>
</testsuite> <!-- webelement.ToLearnisDisplayed -->
