<?xml version="1.0" encoding="UTF-8"?>
<!-- Generated by org.testng.reporters.JUnitReportReporter -->
<testsuite hostname="DESKTOP-LHN9MF2" failures="0" tests="1" name="webelement.ToLearnSubmit" time="5.533" errors="0" timestamp="2025-02-22T10:58:25 IST" skipped="0">
  <testcase classname="webelement.ToLearnSubmit" name="submitmethod" time="5.533"/>
  <system-out/>
</testsuite> <!-- webelement.ToLearnSubmit -->
