<?xml version="1.0" encoding="UTF-8"?>
<!-- Generated by org.testng.reporters.JUnitReportReporter -->
<testsuite hostname="DESKTOP-LHN9MF2" failures="0" tests="1" name="actionsclass.ClickAndHold" time="41.121" errors="0" timestamp="2025-03-14T11:03:31 IST" skipped="0">
  <testcase classname="actionsclass.ClickAndHold" name="clickandhold" time="41.121"/>
  <system-out/>
</testsuite> <!-- actionsclass.ClickAndHold -->
