<?xml version="1.0" encoding="UTF-8"?>
<!-- Generated by org.testng.reporters.JUnitReportReporter -->
<testsuite hostname="DESKTOP-LHN9MF2" failures="0" tests="1" name="webelement.ToLearnClick" time="6.616" errors="0" timestamp="2025-02-22T10:56:46 IST" skipped="0">
  <testcase classname="webelement.ToLearnClick" name="demo" time="6.616"/>
  <system-out/>
</testsuite> <!-- webelement.ToLearnClick -->
