<?xml version="1.0" encoding="UTF-8"?>
<!-- Generated by org.testng.reporters.JUnitReportReporter -->
<testsuite hostname="DESKTOP-LHN9MF2" failures="0" tests="1" name="actionsclass.TolearnDoubleClick" time="8.012" errors="0" timestamp="2025-03-11T11:16:08 IST" skipped="0">
  <testcase classname="actionsclass.TolearnDoubleClick" name="doubleclick" time="8.012"/>
  <system-out/>
</testsuite> <!-- actionsclass.TolearnDoubleClick -->
