<?xml version="1.0" encoding="UTF-8"?>
<!-- Generated by org.testng.reporters.JUnitReportReporter -->
<testsuite hostname="DESKTOP-LHN9MF2" failures="0" tests="1" name="dropdowns.ToLearngetAllaselected" time="4.953" errors="0" timestamp="2025-03-10T11:55:48 IST" skipped="0">
  <testcase classname="dropdowns.ToLearngetAllaselected" name="getallselectedoptions" time="4.953"/>
  <system-out/>
</testsuite> <!-- dropdowns.ToLearngetAllaselected -->
