<?xml version="1.0" encoding="UTF-8"?>
<!-- Generated by org.testng.reporters.JUnitReportReporter -->
<testsuite hostname="DESKTOP-LHN9MF2" failures="0" tests="1" name="popups.HiddenDivisionPopup" time="33.494" errors="0" timestamp="2025-03-17T11:30:51 IST" skipped="0">
  <testcase classname="popups.HiddenDivisionPopup" name="hidendivisionPopup" time="33.494"/>
  <system-out/>
</testsuite> <!-- popups.HiddenDivisionPopup -->
