<?xml version="1.0" encoding="UTF-8"?>
<!-- Generated by org.testng.reporters.JUnitReportReporter -->
<testsuite hostname="DESKTOP-LHN9MF2" failures="0" tests="1" name="assignments.ParentFrame" time="17.730" errors="0" timestamp="2025-03-10T11:15:02 IST" skipped="0">
  <testcase classname="assignments.ParentFrame" name="iframes" time="17.730"/>
  <system-out/>
</testsuite> <!-- assignments.ParentFrame -->
