<?xml version="1.0" encoding="UTF-8"?>
<!-- Generated by org.testng.reporters.JUnitReportReporter -->
<testsuite hostname="DESKTOP-LHN9MF2" failures="0" tests="1" name="webelement.ToLearnGetText" time="6.545" errors="0" timestamp="2025-02-22T11:59:37 IST" skipped="0">
  <testcase classname="webelement.ToLearnGetText" name="sendkeysmethod" time="6.545"/>
  <system-out/>
</testsuite> <!-- webelement.ToLearnGetText -->
