<?xml version="1.0" encoding="UTF-8"?>
<!-- Generated by org.testng.reporters.JUnitReportReporter -->
<testsuite hostname="DESKTOP-LHN9MF2" failures="0" tests="1" name="synchronization.Example" time="20.667" errors="0" timestamp="2025-03-03T10:38:25 IST" skipped="0">
  <testcase classname="synchronization.Example" name="hiddenelement" time="20.667"/>
  <system-out/>
</testsuite> <!-- synchronization.Example -->
