<?xml version="1.0" encoding="UTF-8"?>
<!-- Generated by org.testng.reporters.JUnitReportReporter -->
<testsuite hostname="DESKTOP-LHN9MF2" failures="0" tests="1" name="iframes.LearnIframebyIndex" time="5.900" errors="0" timestamp="2025-03-05T11:46:55 IST" skipped="0">
  <testcase classname="iframes.LearnIframebyIndex" name="explicit" time="5.900"/>
  <system-out/>
</testsuite> <!-- iframes.LearnIframebyIndex -->
