<?xml version="1.0" encoding="UTF-8"?>
<!-- Generated by org.testng.reporters.JUnitReportReporter -->
<testsuite hostname="DESKTOP-LHN9MF2" failures="0" tests="1" name="webelement.ToLearnGetText" time="19.808" errors="0" timestamp="2025-03-12T12:18:52 IST" skipped="0">
  <testcase classname="webelement.ToLearnGetText" name="sendkeysmethod" time="19.808"/>
  <system-out/>
</testsuite> <!-- webelement.ToLearnGetText -->
