<?xml version="1.0" encoding="UTF-8"?>
<!-- Generated by org.testng.reporters.JUnitReportReporter -->
<testsuite hostname="DESKTOP-LHN9MF2" failures="0" tests="1" name="popups.PromptPopup" time="6.709" errors="0" timestamp="2025-03-15T11:53:38 IST" skipped="0">
  <testcase classname="popups.PromptPopup" name="javascriptPopup" time="6.709"/>
  <system-out/>
</testsuite> <!-- popups.PromptPopup -->
