<?xml version="1.0" encoding="UTF-8"?>
<!-- Generated by org.testng.reporters.JUnitReportReporter -->
<testsuite hostname="DESKTOP-LHN9MF2" failures="0" tests="1" name="webelement.ToLearnRect" time="7.480" errors="0" timestamp="2025-02-24T11:41:03 IST" skipped="0">
  <testcase classname="webelement.ToLearnRect" name="testlocation" time="7.480"/>
  <system-out/>
</testsuite> <!-- webelement.ToLearnRect -->
