<?xml version="1.0" encoding="UTF-8"?>
<!-- Generated by org.testng.reporters.JUnitReportReporter -->
<testsuite hostname="DESKTOP-LHN9MF2" failures="0" tests="1" name="popups.HiddenDivisionPopup" time="11.615" errors="0" timestamp="2025-03-17T10:30:23 IST" skipped="0">
  <testcase classname="popups.HiddenDivisionPopup" name="hidendivisionPopup" time="11.615"/>
  <system-out/>
</testsuite> <!-- popups.HiddenDivisionPopup -->
