<?xml version="1.0" encoding="UTF-8"?>
<!-- Generated by org.testng.reporters.JUnitReportReporter -->
<testsuite hostname="DESKTOP-LHN9MF2" failures="0" tests="1" name="webelement.ToLearngetsize" time="8.938" errors="0" timestamp="2025-02-24T11:14:12 IST" skipped="0">
  <testcase classname="webelement.ToLearngetsize" name="tolearngetattribute" time="8.938"/>
  <system-out/>
</testsuite> <!-- webelement.ToLearngetsize -->
