<?xml version="1.0" encoding="UTF-8"?>
<!-- Generated by org.testng.reporters.JUnitReportReporter -->
<testsuite hostname="DESKTOP-LHN9MF2" failures="0" tests="1" name="assignments.Practice" time="12.902" errors="0" timestamp="2025-03-04T11:29:32 IST" skipped="0">
  <testcase classname="assignments.Practice" name="demo" time="12.902"/>
  <system-out/>
</testsuite> <!-- assignments.Practice -->
