<?xml version="1.0" encoding="UTF-8"?>
<!-- Generated by org.testng.reporters.JUnitReportReporter -->
<testsuite hostname="DESKTOP-LHN9MF2" failures="0" tests="1" name="javascriptinterface.ToLearnDisabledElement" time="4.861" errors="0" timestamp="2025-03-01T09:05:11 IST" skipped="0">
  <testcase classname="javascriptinterface.ToLearnDisabledElement" name="disabledelement" time="4.861"/>
  <system-out/>
</testsuite> <!-- javascriptinterface.ToLearnDisabledElement -->
