<?xml version="1.0" encoding="UTF-8"?>
<!-- Generated by org.testng.reporters.JUnitReportReporter -->
<testsuite hostname="DESKTOP-LHN9MF2" failures="0" tests="1" name="assignments.DragDrop" time="15.583" errors="0" timestamp="2025-03-15T10:15:32 IST" skipped="0">
  <testcase classname="assignments.DragDrop" name="draganddrop" time="15.583"/>
  <system-out/>
</testsuite> <!-- assignments.DragDrop -->
